building the system configuration...
warning: Using 'builtins.toFile' to create a file named 'options.json' that references the store path '/nix/store/cd6v80pj9h7r2prxx9a71y92zq88p1xx-source' without a proper context. The resulting file will not have a correct store reference, so this is unreliable and may stop working in the future.
these 13 derivations will be built:
  /nix/store/zff1apvzr226jlmi64rhymmw5bwc3qr7-game-sentence-miner-1.15.8.drv
  /nix/store/dyi01m3w05n4k1wf1q98990cngv375aq-system-path.drv
  /nix/store/bg121nw2pbp19plnpbzigdn3iqm07rkx-dbus-1.drv
  /nix/store/4kmkihx8xdknackhh1ydrabf7cvs7136-unit-accounts-daemon.service.drv
  /nix/store/gamlcg38368z4g11b8mmkjrzygvwyhpp-X-Restart-Triggers-dbus-broker.drv
  /nix/store/b6pgcf8i1b4lqk9g2kpk06nbbb4lq21l-unit-dbus-broker.service.drv
  /nix/store/clhajdg4f8m7xni8xlbbwfm20n8gs22y-X-Restart-Triggers-polkit.drv
  /nix/store/r9408k352nrmmzm3smdvb67j1027bwrg-unit-polkit.service.drv
  /nix/store/dpk00hqnj10fd6l1i40rc6bw1mq9yr9w-system-units.drv
  /nix/store/4i714kdqaa6ab14yixymgvmyzha1nrn2-unit-dbus-broker.service.drv
  /nix/store/sfc8yhwjlqzcr6x2gy15i25dvsakms95-user-units.drv
  /nix/store/5wiw93c0c62s2mga0njndv90293sc87q-etc.drv
  /nix/store/22qv6ldhmxxplfxw407algd3w3103r8c-nixos-system-perikon-26.05.20251205.f61125a.drv
building '/nix/store/zff1apvzr226jlmi64rhymmw5bwc3qr7-game-sentence-miner-1.15.8.drv'...
building '/nix/store/dyi01m3w05n4k1wf1q98990cngv375aq-system-path.drv'...
building '/nix/store/clhajdg4f8m7xni8xlbbwfm20n8gs22y-X-Restart-Triggers-polkit.drv'...
building '/nix/store/bg121nw2pbp19plnpbzigdn3iqm07rkx-dbus-1.drv'...
building '/nix/store/4kmkihx8xdknackhh1ydrabf7cvs7136-unit-accounts-daemon.service.drv'...
building '/nix/store/gamlcg38368z4g11b8mmkjrzygvwyhpp-X-Restart-Triggers-dbus-broker.drv'...
building '/nix/store/r9408k352nrmmzm3smdvb67j1027bwrg-unit-polkit.service.drv'...
building '/nix/store/4i714kdqaa6ab14yixymgvmyzha1nrn2-unit-dbus-broker.service.drv'...
building '/nix/store/b6pgcf8i1b4lqk9g2kpk06nbbb4lq21l-unit-dbus-broker.service.drv'...
building '/nix/store/sfc8yhwjlqzcr6x2gy15i25dvsakms95-user-units.drv'...
building '/nix/store/dpk00hqnj10fd6l1i40rc6bw1mq9yr9w-system-units.drv'...
building '/nix/store/5wiw93c0c62s2mga0njndv90293sc87q-etc.drv'...
building '/nix/store/22qv6ldhmxxplfxw407algd3w3103r8c-nixos-system-perikon-26.05.20251205.f61125a.drv'...
updating GRUB 2 menu...
Warning: os-prober will be executed to detect other bootable partitions.
Its output will be used to detect bootable binaries on them and create new boot entries.
lsblk: /dev/mapper/no*[0-9]: not a block device
lsblk: /dev/mapper/raid*[0-9]: not a block device
lsblk: /dev/mapper/disks*[0-9]: not a block device
Found Windows Boot Manager on /dev/nvme0n1p1@/EFI/Microsoft/Boot/bootmgfw.efi
stopping the following units: accounts-daemon.service
activating the configuration...
setting up /etc...
reloading user units for perihelie...
restarting sysinit-reactivation.target
reloading the following units: dbus-broker.service
restarting the following units: polkit.service
starting the following units: accounts-daemon.service
the following new units were started: NetworkManager-dispatcher.service
Done. The new configuration is /nix/store/il5zrrq8bgkl42k0fm7avsp7qkhf0wx4-nixos-system-perikon-26.05.20251205.f61125a
